<?xml version="1.0" encoding="UTF-8"?>
<!-- Generated by org.testng.reporters.JUnitXMLReporter -->
<testsuite ignored="2" hostname="DESKTOP-5TN5CVM" failures="0" tests="2" name="Default test" time="6.217" errors="0" timestamp="2025-04-17T14:03:05 EET">
  <testcase classname="testClass" name="Login" time="2.199"/>
  <testcase classname="testClass" name="AddOneRandomItem" time="3.048"/>
  <testcase classname="testClass" name="Logout" time="0.0">
    <ignored/>
  </testcase> <!-- Logout -->
  <testcase classname="testClass" name="RemoveItemFromCart" time="0.0">
    <ignored/>
  </testcase> <!-- RemoveItemFromCart -->
</testsuite> <!-- Default test -->
