<?xml version="1.0" encoding="UTF-8"?>
<testng-results ignored="2" total="4" passed="2" failed="0" skipped="0">
  <reporter-output>
  </reporter-output>
  <suite started-at="2025-04-17T14:02:59 EET" name="Default suite" finished-at="2025-04-17T14:03:05 EET" duration-ms="6217">
    <groups>
    </groups>
    <test started-at="2025-04-17T14:02:59 EET" name="Default test" finished-at="2025-04-17T14:03:05 EET" duration-ms="6217">
      <class name="testClass">
        <test-method is-config="true" signature="MySetup()[pri:0, instance:testClass@158a3b2e]" started-at="2025-04-17T14:02:59 EET" name="MySetup" finished-at="2025-04-17T14:03:00 EET" duration-ms="941" status="PASS">
          <reporter-output>
          </reporter-output>
        </test-method> <!-- MySetup -->
        <test-method signature="Login()[pri:1, instance:testClass@158a3b2e]" started-at="2025-04-17T14:03:00 EET" name="Login" finished-at="2025-04-17T14:03:02 EET" duration-ms="2199" status="PASS">
          <reporter-output>
          </reporter-output>
        </test-method> <!-- Login -->
        <test-method signature="AddOneRandomItem()[pri:2, instance:testClass@158a3b2e]" started-at="2025-04-17T14:03:02 EET" name="AddOneRandomItem" finished-at="2025-04-17T14:03:05 EET" duration-ms="3048" status="PASS">
          <reporter-output>
          </reporter-output>
        </test-method> <!-- AddOneRandomItem -->
        <test-method is-config="true" signature="DoNothing()[pri:0, instance:testClass@158a3b2e]" started-at="2025-04-17T14:03:05 EET" name="DoNothing" finished-at="2025-04-17T14:03:05 EET" duration-ms="0" status="PASS">
          <reporter-output>
          </reporter-output>
        </test-method> <!-- DoNothing -->
      </class> <!-- testClass -->
    </test> <!-- Default test -->
  </suite> <!-- Default suite -->
</testng-results>
